28.11.2022 22.03.04  Сервер запущен!
28.11.2022 22.03.18  Клиент Nick зашел в чат
28.11.2022 22.03.28  Клиент Pen зашел в чат
28.11.2022 22.03.37  На сервере получено сообщение от Nick: Hello!
28.11.2022 22.03.37  Сообщение от пользователя Nick: Hello!
28.11.2022 22.03.50  На сервере получено сообщение от Pen: Hi!
28.11.2022 22.03.50  Сообщение от пользователя Pen: Hi!
28.11.2022 22.03.55  На сервере получено сообщение от Nick: /exit
28.11.2022 22.03.55  Nick вышел из чата
28.11.2022 22.03.55  Сообщение от пользователя Nick: вышел из чата
28.11.2022 22.04.07  На сервере получено сообщение от Pen: /exit
28.11.2022 22.04.07  Pen вышел из чата
29.11.2022 19.47.52  Сервер запущен!
29.11.2022 19.48.29  Клиент C1 зашел в чат
29.11.2022 19.48.34  Клиент C2 зашел в чат
29.11.2022 19.48.38  На сервере получено сообщение от C2: Hello
29.11.2022 19.48.38  Сообщение от пользователя C2: Hello
29.11.2022 19.48.43  На сервере получено сообщение от C1: Hi
29.11.2022 19.48.43  Сообщение от пользователя C1: Hi
29.11.2022 19.48.59  На сервере получено сообщение от C1: /exit
29.11.2022 19.48.59  C1 вышел из чата
29.11.2022 19.48.59  Сообщение от пользователя C1: вышел из чата
29.11.2022 19.49.09  На сервере получено сообщение от C2: /exit
29.11.2022 19.49.09  C2 вышел из чата
